2021-01-31 15:01:04 INFO  HomePage :23 - Click on IT Services link[[ChromeDriver: chrome on WINDOWS (2539838acd48a29e299e68c16d12c153)] -> xpath: //*[@id="menu-primary-menu-1"]/li[1]/a]
2021-01-31 15:01:495 INFO  HomePage :29 - Click on Cloud Services link[[ChromeDriver: chrome on WINDOWS (2539838acd48a29e299e68c16d12c153)] -> xpath: //*[@id="menu-services-menu-1"]/li[1]/a]
2021-01-31 15:01:762 INFO  CloudPage :21 - User should navigate to cloud service Page[[ChromeDriver: chrome on WINDOWS (2539838acd48a29e299e68c16d12c153)] -> xpath: //span[contains(text(),'Cloud Services')]]
2021-01-31 15:01:187 INFO  HomePage :38 - Click on Career link[[ChromeDriver: chrome on WINDOWS (b11b1e8918f05fab949a229fb1a1fca1)] -> xpath: //header/div[1]/div[1]/nav[1]/div[1]/ul[1]/li[6]/a[1]]
2021-01-31 15:01:991 INFO  CareerPage :21 - User should navigate to Career Page[[ChromeDriver: chrome on WINDOWS (b11b1e8918f05fab949a229fb1a1fca1)] -> xpath: //*[@id="content"]/section[1]/div[2]/div/h1]
2021-01-31 15:01:22 INFO  HomePage :25 - Click on IT Services link[[ChromeDriver: chrome on WINDOWS (891a51824e91eb232abe3c6fc5fb7a30)] -> xpath: //*[@id="menu-primary-menu-1"]/li[1]/a]
2021-01-31 15:01:428 INFO  HomePage :31 - Click on Cloud Services link[[ChromeDriver: chrome on WINDOWS (891a51824e91eb232abe3c6fc5fb7a30)] -> xpath: //*[@id="menu-services-menu-1"]/li[1]/a]
2021-01-31 15:01:606 INFO  CloudPage :21 - User should navigate to cloud service Page[[ChromeDriver: chrome on WINDOWS (891a51824e91eb232abe3c6fc5fb7a30)] -> xpath: //span[contains(text(),'Cloud Services')]]
2021-01-31 15:01:121 INFO  HomePage :38 - Click on Career link[[ChromeDriver: chrome on WINDOWS (ae09ccb111a494c056478a922859229f)] -> xpath: //header/div[1]/div[1]/nav[1]/div[1]/ul[1]/li[6]/a[1]]
2021-01-31 15:01:291 INFO  CareerPage :21 - User should navigate to Career Page[[ChromeDriver: chrome on WINDOWS (ae09ccb111a494c056478a922859229f)] -> xpath: //*[@id="content"]/section[1]/div[2]/div/h1]
2021-01-31 15:01:747 INFO  HomePage :25 - Click on IT Services link[[ChromeDriver: chrome on WINDOWS (fb816c19eb2e053a30f6d78e06d002e8)] -> xpath: //*[@id="menu-primary-menu-1"]/li[1]/a]
2021-01-31 15:01:197 INFO  HomePage :31 - Click on Cloud Services link[[ChromeDriver: chrome on WINDOWS (fb816c19eb2e053a30f6d78e06d002e8)] -> xpath: //*[@id="menu-services-menu-1"]/li[1]/a]
2021-01-31 15:01:769 INFO  CloudPage :21 - User should navigate to cloud service Page[[ChromeDriver: chrome on WINDOWS (fb816c19eb2e053a30f6d78e06d002e8)] -> xpath: //span[contains(text(),'Cloud Services')]]
2021-01-31 15:01:265 INFO  HomePage :38 - Click on Career link[[ChromeDriver: chrome on WINDOWS (07a062ff1f7c7b1a655c82865439fb84)] -> xpath: //header/div[1]/div[1]/nav[1]/div[1]/ul[1]/li[6]/a[1]]
2021-01-31 15:01:870 INFO  CareerPage :21 - User should navigate to Career Page[[ChromeDriver: chrome on WINDOWS (07a062ff1f7c7b1a655c82865439fb84)] -> xpath: //*[@id="content"]/section[1]/div[2]/div/h1]
2021-01-31 15:01:843 INFO  HomePage :25 - Click on IT Services link[[ChromeDriver: chrome on WINDOWS (48a1741455cf3937612040229b994345)] -> xpath: //*[@id="menu-primary-menu-1"]/li[1]/a]
2021-01-31 15:01:297 INFO  HomePage :31 - Click on Cloud Services link[[ChromeDriver: chrome on WINDOWS (48a1741455cf3937612040229b994345)] -> xpath: //*[@id="menu-services-menu-1"]/li[1]/a]
2021-01-31 15:01:956 INFO  CloudPage :21 - User should navigate to cloud service Page[[ChromeDriver: chrome on WINDOWS (48a1741455cf3937612040229b994345)] -> xpath: //span[contains(text(),'Cloud Services')]]
2021-01-31 15:01:767 INFO  HomePage :38 - Click on Career link[[ChromeDriver: chrome on WINDOWS (f33d5b4954616581eec2d2bccbb7a644)] -> xpath: //header/div[1]/div[1]/nav[1]/div[1]/ul[1]/li[6]/a[1]]
2021-01-31 15:01:91 INFO  CareerPage :21 - User should navigate to Career Page[[ChromeDriver: chrome on WINDOWS (f33d5b4954616581eec2d2bccbb7a644)] -> xpath: //*[@id="content"]/section[1]/div[2]/div/h1]
2021-01-31 15:01:85 INFO  HomePage :25 - Click on IT Services link[[ChromeDriver: chrome on WINDOWS (3289726a3512b4803fb5a58765538f94)] -> xpath: //*[@id="menu-primary-menu-1"]/li[1]/a]
2021-01-31 15:01:519 INFO  HomePage :31 - Click on Cloud Services link[[ChromeDriver: chrome on WINDOWS (3289726a3512b4803fb5a58765538f94)] -> xpath: //*[@id="menu-services-menu-1"]/li[1]/a]
2021-01-31 15:01:537 INFO  CloudPage :21 - User should navigate to cloud service Page[[ChromeDriver: chrome on WINDOWS (3289726a3512b4803fb5a58765538f94)] -> xpath: //span[contains(text(),'Cloud Services')]]
2021-01-31 15:01:287 INFO  HomePage :38 - Click on Career link[[ChromeDriver: chrome on WINDOWS (b61584472ebbbe7fa2af60ce35988938)] -> xpath: //header/div[1]/div[1]/nav[1]/div[1]/ul[1]/li[6]/a[1]]
2021-01-31 15:01:481 INFO  CareerPage :21 - User should navigate to Career Page[[ChromeDriver: chrome on WINDOWS (b61584472ebbbe7fa2af60ce35988938)] -> xpath: //*[@id="content"]/section[1]/div[2]/div/h1]
2021-02-03 10:02:350 INFO  HomePage :25 - Click on IT Services link[[ChromeDriver: chrome on WINDOWS (09afba73314a27b64357b28b34ec1401)] -> xpath: //*[@id="menu-primary-menu-1"]/li[1]/a]
2021-02-03 10:02:915 INFO  HomePage :31 - Click on Cloud Services link[[ChromeDriver: chrome on WINDOWS (09afba73314a27b64357b28b34ec1401)] -> xpath: //*[@id="menu-services-menu-1"]/li[1]/a]
2021-02-03 10:02:472 INFO  CloudPage :21 - User should navigate to cloud service Page[[ChromeDriver: chrome on WINDOWS (09afba73314a27b64357b28b34ec1401)] -> xpath: //span[contains(text(),'Cloud Services')]]
2021-02-03 10:02:145 INFO  HomePage :38 - Click on Career link[[ChromeDriver: chrome on WINDOWS (c2e7c5e1c14f16dda03a0e2292ce81ff)] -> xpath: //header/div[1]/div[1]/nav[1]/div[1]/ul[1]/li[6]/a[1]]
2021-02-03 10:02:309 INFO  CareerPage :21 - User should navigate to Career Page[[ChromeDriver: chrome on WINDOWS (c2e7c5e1c14f16dda03a0e2292ce81ff)] -> xpath: //*[@id="content"]/section[1]/div[2]/div/h1]
2021-02-04 13:02:386 INFO  HomePage :25 - Click on IT Services link[[ChromeDriver: chrome on WINDOWS (cc99436398711d9eb9368df5754be320)] -> xpath: //*[@id="menu-primary-menu-1"]/li[1]/a]
2021-02-04 13:02:60 INFO  HomePage :31 - Click on Cloud Services link[[ChromeDriver: chrome on WINDOWS (cc99436398711d9eb9368df5754be320)] -> xpath: //*[@id="menu-services-menu-1"]/li[1]/a]
2021-02-04 13:02:53 INFO  CloudPage :21 - User should navigate to cloud service Page[[ChromeDriver: chrome on WINDOWS (cc99436398711d9eb9368df5754be320)] -> xpath: //span[contains(text(),'Cloud Services')]]
2021-02-04 13:02:123 INFO  HomePage :38 - Click on Career link[[ChromeDriver: chrome on WINDOWS (d0ce1adec464fbf556034d1cc842da6c)] -> xpath: //header/div[1]/div[1]/nav[1]/div[1]/ul[1]/li[6]/a[1]]
2021-02-04 13:02:338 INFO  CareerPage :21 - User should navigate to Career Page[[ChromeDriver: chrome on WINDOWS (d0ce1adec464fbf556034d1cc842da6c)] -> xpath: //*[@id="content"]/section[1]/div[2]/div/h1]
